Arguments: 
  /usr/local/bin/node /usr/local/Cellar/yarn/1.12.3/libexec/bin/yarn.js

PATH: 
  /Users/michaelkrakhofer/.npm-global/bin:/usr/bin:/bin:/usr/sbin:/sbin:/usr/local/bin:/Users/michaelkrakhofer/.npm-global/bin

Yarn version: 
  1.12.3

Node version: 
  10.15.3

Platform: 
  darwin x64

Trace: 
  Error: EACCES: permission denied, unlink '/Users/michaelkrakhofer/Documents/GitHub/chatroom/node_modules/node-notifier/vendor/terminal-notifier.app/Contents/Info.plist'

npm manifest: 
  {
    "name": "chatroom",
    "version": "1.0.0",
    "description": "a simple chatroom for preparing a workshop about websockets",
    "main": "index.js",
    "scripts": {
      "test": "test",
      "tsc": "tsc",
      "dev": "ts-node-dev --respawn --transpileOnly ./app/app.ts",
      "prod": "tsc && node ./build/app.js"
    },
    "author": "Michael Krakhofer",
    "license": "ISC",
    "dependencies": {
      "@types/express": "^4.16.1",
      "express": "^4.16.4",
      "ts-node-dev": "^1.0.0-pre.32",
      "typescript": "^3.4.3"
    }
  }

yarn manifest: 
  No manifest

Lockfile: 
  No lockfile
